{"/home/shlomi/ideaGitHub/nodejs/mocha/index.js":{"path":"/home/shlomi/ideaGitHub/nodejs/mocha/index.js","s":{"1":1,"2":1,"3":3,"4":1,"5":2,"6":9,"7":9,"8":9,"9":9,"10":9,"11":9,"12":9,"13":9,"14":1001,"15":1001,"16":1001,"17":1001,"18":0,"19":0,"20":0,"21":0,"22":0,"23":0,"24":0,"25":0,"26":0,"27":0,"28":0,"29":0,"30":0,"31":9,"32":9,"33":9,"34":9,"35":0,"36":9,"37":9,"38":9,"39":9,"40":9,"41":9,"42":1,"43":1,"44":1,"45":1,"46":1,"47":1,"48":1,"49":1,"50":1},"b":{"1":[2,1],"2":[0,0],"3":[0,0],"4":[0,0],"5":[0,9]},"f":{"1":9,"2":1001,"3":0,"4":0,"5":0,"6":9,"7":9,"8":9,"9":1},"fnMap":{"1":{"name":"(anonymous_1)","line":8,"loc":{"start":{"line":8,"column":15},"end":{"line":8,"column":68}}},"2":{"name":"(anonymous_2)","line":19,"loc":{"start":{"line":19,"column":19},"end":{"line":19,"column":35}}},"3":{"name":"(anonymous_3)","line":28,"loc":{"start":{"line":28,"column":10},"end":{"line":28,"column":19}}},"4":{"name":"(anonymous_4)","line":35,"loc":{"start":{"line":35,"column":16},"end":{"line":35,"column":23}}},"5":{"name":"(anonymous_5)","line":42,"loc":{"start":{"line":42,"column":19},"end":{"line":42,"column":28}}},"6":{"name":"(anonymous_6)","line":55,"loc":{"start":{"line":55,"column":22},"end":{"line":55,"column":24}}},"7":{"name":"(anonymous_7)","line":67,"loc":{"start":{"line":67,"column":15},"end":{"line":67,"column":29}}},"8":{"name":"(anonymous_8)","line":75,"loc":{"start":{"line":75,"column":15},"end":{"line":76,"column":4}}},"9":{"name":"setupPerson","line":86,"loc":{"start":{"line":86,"column":0},"end":{"line":86,"column":23}}}},"statementMap":{"1":{"start":{"line":1,"column":0},"end":{"line":1,"column":21}},"2":{"start":{"line":2,"column":0},"end":{"line":2,"column":29}},"3":{"start":{"line":2,"column":25},"end":{"line":2,"column":29}},"4":{"start":{"line":4,"column":0},"end":{"line":4,"column":56}},"5":{"start":{"line":4,"column":27},"end":{"line":4,"column":56}},"6":{"start":{"line":9,"column":8},"end":{"line":9,"column":25}},"7":{"start":{"line":10,"column":8},"end":{"line":10,"column":33}},"8":{"start":{"line":11,"column":8},"end":{"line":11,"column":35}},"9":{"start":{"line":12,"column":8},"end":{"line":12,"column":41}},"10":{"start":{"line":13,"column":8},"end":{"line":13,"column":43}},"11":{"start":{"line":14,"column":8},"end":{"line":14,"column":35}},"12":{"start":{"line":15,"column":8},"end":{"line":15,"column":34}},"13":{"start":{"line":16,"column":8},"end":{"line":16,"column":28}},"14":{"start":{"line":20,"column":8},"end":{"line":20,"column":22}},"15":{"start":{"line":21,"column":8},"end":{"line":23,"column":9}},"16":{"start":{"line":22,"column":12},"end":{"line":22,"column":54}},"17":{"start":{"line":25,"column":8},"end":{"line":25,"column":21}},"18":{"start":{"line":29,"column":8},"end":{"line":29,"column":41}},"19":{"start":{"line":30,"column":8},"end":{"line":30,"column":36}},"20":{"start":{"line":31,"column":8},"end":{"line":31,"column":62}},"21":{"start":{"line":32,"column":8},"end":{"line":32,"column":31}},"22":{"start":{"line":36,"column":8},"end":{"line":36,"column":34}},"23":{"start":{"line":37,"column":8},"end":{"line":39,"column":9}},"24":{"start":{"line":38,"column":12},"end":{"line":38,"column":38}},"25":{"start":{"line":43,"column":8},"end":{"line":48,"column":9}},"26":{"start":{"line":44,"column":12},"end":{"line":44,"column":38}},"27":{"start":{"line":45,"column":12},"end":{"line":47,"column":13}},"28":{"start":{"line":46,"column":16},"end":{"line":46,"column":44}},"29":{"start":{"line":50,"column":8},"end":{"line":52,"column":9}},"30":{"start":{"line":51,"column":12},"end":{"line":51,"column":38}},"31":{"start":{"line":56,"column":8},"end":{"line":56,"column":28}},"32":{"start":{"line":57,"column":8},"end":{"line":62,"column":9}},"33":{"start":{"line":58,"column":12},"end":{"line":58,"column":41}},"34":{"start":{"line":59,"column":12},"end":{"line":61,"column":13}},"35":{"start":{"line":60,"column":16},"end":{"line":60,"column":46}},"36":{"start":{"line":68,"column":8},"end":{"line":68,"column":25}},"37":{"start":{"line":69,"column":8},"end":{"line":69,"column":27}},"38":{"start":{"line":77,"column":8},"end":{"line":77,"column":25}},"39":{"start":{"line":78,"column":8},"end":{"line":78,"column":27}},"40":{"start":{"line":79,"column":8},"end":{"line":79,"column":47}},"41":{"start":{"line":80,"column":8},"end":{"line":80,"column":43}},"42":{"start":{"line":84,"column":0},"end":{"line":84,"column":11}},"43":{"start":{"line":86,"column":0},"end":{"line":90,"column":1}},"44":{"start":{"line":87,"column":4},"end":{"line":87,"column":47}},"45":{"start":{"line":88,"column":4},"end":{"line":88,"column":56}},"46":{"start":{"line":89,"column":4},"end":{"line":89,"column":75}},"47":{"start":{"line":92,"column":0},"end":{"line":92,"column":14}},"48":{"start":{"line":94,"column":0},"end":{"line":94,"column":24}},"49":{"start":{"line":94,"column":17},"end":{"line":94,"column":23}},"50":{"start":{"line":95,"column":0},"end":{"line":95,"column":77}}},"branchMap":{"1":{"line":4,"type":"binary-expr","locations":[{"start":{"line":4,"column":27},"end":{"line":4,"column":40}},{"start":{"line":4,"column":44},"end":{"line":4,"column":56}}]},"2":{"line":37,"type":"if","locations":[{"start":{"line":37,"column":8},"end":{"line":37,"column":8}},{"start":{"line":37,"column":8},"end":{"line":37,"column":8}}]},"3":{"line":45,"type":"if","locations":[{"start":{"line":45,"column":12},"end":{"line":45,"column":12}},{"start":{"line":45,"column":12},"end":{"line":45,"column":12}}]},"4":{"line":50,"type":"if","locations":[{"start":{"line":50,"column":8},"end":{"line":50,"column":8}},{"start":{"line":50,"column":8},"end":{"line":50,"column":8}}]},"5":{"line":59,"type":"if","locations":[{"start":{"line":59,"column":12},"end":{"line":59,"column":12}},{"start":{"line":59,"column":12},"end":{"line":59,"column":12}}]}}}}