TN:
SF:/home/shlomi/ideaGitHub/nodejs/mocha/index.js
FN:8,(anonymous_1)
FN:19,(anonymous_2)
FN:28,(anonymous_3)
FN:35,(anonymous_4)
FN:42,(anonymous_5)
FN:55,(anonymous_6)
FN:67,(anonymous_7)
FN:75,(anonymous_8)
FN:86,setupPerson
FNF:9
FNH:6
FNDA:9,(anonymous_1)
FNDA:1001,(anonymous_2)
FNDA:0,(anonymous_3)
FNDA:0,(anonymous_4)
FNDA:0,(anonymous_5)
FNDA:9,(anonymous_6)
FNDA:9,(anonymous_7)
FNDA:9,(anonymous_8)
FNDA:1,setupPerson
DA:1,1
DA:2,3
DA:4,2
DA:9,9
DA:10,9
DA:11,9
DA:12,9
DA:13,9
DA:14,9
DA:15,9
DA:16,9
DA:20,1001
DA:21,1001
DA:22,1001
DA:25,1001
DA:29,0
DA:30,0
DA:31,0
DA:32,0
DA:36,0
DA:37,0
DA:38,0
DA:43,0
DA:44,0
DA:45,0
DA:46,0
DA:50,0
DA:51,0
DA:56,9
DA:57,9
DA:58,9
DA:59,9
DA:60,0
DA:68,9
DA:69,9
DA:77,9
DA:78,9
DA:79,9
DA:80,9
DA:84,1
DA:86,1
DA:87,1
DA:88,1
DA:89,1
DA:92,1
DA:94,1
DA:95,1
LF:47
LH:33
BRDA:4,1,0,2
BRDA:4,1,1,1
BRDA:37,2,0,0
BRDA:37,2,1,0
BRDA:45,3,0,0
BRDA:45,3,1,0
BRDA:50,4,0,0
BRDA:50,4,1,0
BRDA:59,5,0,0
BRDA:59,5,1,9
BRF:10
BRH:3
end_of_record
